<?xml version="1.0" encoding="UTF-8"?>
<!-- Generated by org.testng.reporters.JUnitXMLReporter -->
<testsuite ignored="2" hostname="DESKTOP-4NU9KSS" failures="0" tests="0" time="0.019" errors="0" timestamp="2025-09-25T14:33:07 IST">
  <testcase classname="testcases.Tc_002Accountlogin" name="testlogin" time="0.0">
    <ignored/>
  </testcase> <!-- testlogin -->
  <testcase classname="testcases.Tc_001AccountRegistrationtest" name="Testregistration" time="0.0">
    <ignored/>
  </testcase> <!-- Testregistration -->
</testsuite>
